<?xml version="1.0" encoding="UTF-8"?>
<coverage generated="1610982183601" clover="3.2.0">
  <project timestamp="1610982183601" name="All files">
    <metrics statements="43" coveredstatements="43" conditionals="14" coveredconditionals="14" methods="10" coveredmethods="10" elements="67" coveredelements="67" complexity="0" loc="43" ncloc="43" packages="1" files="3" classes="3"/>
    <file name="Scooter.js" path="C:\Users\emper\OneDrive\Documents\GitHub\Whitehat\scooterhire\src\Scooter.js">
      <metrics statements="11" coveredstatements="11" conditionals="4" coveredconditionals="4" methods="4" coveredmethods="4"/>
      <line num="11" count="11" type="cond" truecount="2" falsecount="0"/>
      <line num="12" count="1" type="stmt"/>
      <line num="14" count="10" type="stmt"/>
      <line num="15" count="10" type="stmt"/>
      <line num="16" count="10" type="stmt"/>
      <line num="25" count="6" type="cond" truecount="2" falsecount="0"/>
      <line num="26" count="2" type="stmt"/>
      <line num="29" count="4" type="stmt"/>
      <line num="39" count="2" type="stmt"/>
      <line num="40" count="1" type="stmt"/>
      <line num="44" count="2" type="stmt"/>
    </file>
    <file name="Station.js" path="C:\Users\emper\OneDrive\Documents\GitHub\Whitehat\scooterhire\src\Station.js">
      <metrics statements="26" coveredstatements="26" conditionals="8" coveredconditionals="8" methods="5" coveredmethods="5"/>
      <line num="1" count="1" type="stmt"/>
      <line num="2" count="1" type="stmt"/>
      <line num="8" count="8" type="stmt"/>
      <line num="9" count="8" type="stmt"/>
      <line num="10" count="8" type="stmt"/>
      <line num="17" count="8" type="cond" truecount="2" falsecount="0"/>
      <line num="18" count="1" type="stmt"/>
      <line num="20" count="7" type="stmt"/>
      <line num="21" count="7" type="stmt"/>
      <line num="30" count="6" type="stmt"/>
      <line num="31" count="6" type="stmt"/>
      <line num="40" count="1" type="stmt"/>
      <line num="41" count="1" type="stmt"/>
      <line num="42" count="1" type="stmt"/>
      <line num="52" count="4" type="stmt"/>
      <line num="53" count="4" type="cond" truecount="4" falsecount="0"/>
      <line num="54" count="3" type="cond" truecount="2" falsecount="0"/>
      <line num="55" count="2" type="stmt"/>
      <line num="56" count="2" type="stmt"/>
      <line num="57" count="2" type="stmt"/>
      <line num="69" count="1" type="stmt"/>
      <line num="70" count="1" type="stmt"/>
      <line num="71" count="1" type="stmt"/>
      <line num="72" count="1" type="stmt"/>
      <line num="73" count="1" type="stmt"/>
      <line num="78" count="1" type="stmt"/>
    </file>
    <file name="User.js" path="C:\Users\emper\OneDrive\Documents\GitHub\Whitehat\scooterhire\src\User.js">
      <metrics statements="6" coveredstatements="6" conditionals="2" coveredconditionals="2" methods="1" coveredmethods="1"/>
      <line num="11" count="6" type="cond" truecount="2" falsecount="0"/>
      <line num="12" count="1" type="stmt"/>
      <line num="14" count="5" type="stmt"/>
      <line num="15" count="5" type="stmt"/>
      <line num="16" count="5" type="stmt"/>
      <line num="20" count="2" type="stmt"/>
    </file>
  </project>
</coverage>
