{"C:\\Users\\emper\\OneDrive\\Documents\\GitHub\\Whitehat\\scooterhire\\src\\Scooter.js": {"path":"C:\\Users\\emper\\OneDrive\\Documents\\GitHub\\Whitehat\\scooterhire\\src\\Scooter.js","statementMap":{"0":{"start":{"line":11,"column":8},"end":{"line":13,"column":9}},"1":{"start":{"line":12,"column":12},"end":{"line":12,"column":61}},"2":{"start":{"line":14,"column":8},"end":{"line":14,"column":21}},"3":{"start":{"line":15,"column":8},"end":{"line":15,"column":29}},"4":{"start":{"line":16,"column":8},"end":{"line":16,"column":27}},"5":{"start":{"line":25,"column":8},"end":{"line":30,"column":9}},"6":{"start":{"line":26,"column":12},"end":{"line":26,"column":30}},"7":{"start":{"line":29,"column":12},"end":{"line":29,"column":29}},"8":{"start":{"line":39,"column":8},"end":{"line":39,"column":64}},"9":{"start":{"line":39,"column":37},"end":{"line":39,"column":62}},"10":{"start":{"line":40,"column":8},"end":{"line":40,"column":26}},"11":{"start":{"line":44,"column":0},"end":{"line":44,"column":25}}},"fnMap":{"0":{"name":"(anonymous_0)","decl":{"start":{"line":10,"column":4},"end":{"line":10,"column":5}},"loc":{"start":{"line":10,"column":28},"end":{"line":17,"column":5}},"line":10},"1":{"name":"(anonymous_1)","decl":{"start":{"line":24,"column":4},"end":{"line":24,"column":5}},"loc":{"start":{"line":24,"column":18},"end":{"line":31,"column":5}},"line":24},"2":{"name":"(anonymous_2)","decl":{"start":{"line":38,"column":4},"end":{"line":38,"column":5}},"loc":{"start":{"line":38,"column":25},"end":{"line":41,"column":5}},"line":38},"3":{"name":"(anonymous_3)","decl":{"start":{"line":39,"column":26},"end":{"line":39,"column":27}},"loc":{"start":{"line":39,"column":37},"end":{"line":39,"column":62}},"line":39}},"branchMap":{"0":{"loc":{"start":{"line":11,"column":8},"end":{"line":13,"column":9}},"type":"if","locations":[{"start":{"line":11,"column":8},"end":{"line":13,"column":9}},{"start":{"line":11,"column":8},"end":{"line":13,"column":9}}],"line":11},"1":{"loc":{"start":{"line":25,"column":8},"end":{"line":30,"column":9}},"type":"if","locations":[{"start":{"line":25,"column":8},"end":{"line":30,"column":9}},{"start":{"line":25,"column":8},"end":{"line":30,"column":9}}],"line":25}},"s":{"0":11,"1":1,"2":10,"3":10,"4":10,"5":6,"6":2,"7":4,"8":2,"9":2,"10":1,"11":2},"f":{"0":11,"1":6,"2":2,"3":2},"b":{"0":[1,10],"1":[2,4]},"_coverageSchema":"1a1c01bbd47fc00a2c39e90264f33305004495a9","hash":"a0a2b1eec861acc186f264c106a840bc0ebca7fc"}
,"C:\\Users\\emper\\OneDrive\\Documents\\GitHub\\Whitehat\\scooterhire\\src\\Station.js": {"path":"C:\\Users\\emper\\OneDrive\\Documents\\GitHub\\Whitehat\\scooterhire\\src\\Station.js","statementMap":{"0":{"start":{"line":1,"column":16},"end":{"line":1,"column":36}},"1":{"start":{"line":2,"column":13},"end":{"line":2,"column":30}},"2":{"start":{"line":8,"column":15},"end":{"line":8,"column":17}},"3":{"start":{"line":9,"column":15},"end":{"line":9,"column":16}},"4":{"start":{"line":10,"column":15},"end":{"line":10,"column":17}},"5":{"start":{"line":17,"column":8},"end":{"line":19,"column":9}},"6":{"start":{"line":18,"column":12},"end":{"line":18,"column":60}},"7":{"start":{"line":20,"column":8},"end":{"line":20,"column":33}},"8":{"start":{"line":21,"column":8},"end":{"line":21,"column":33}},"9":{"start":{"line":30,"column":8},"end":{"line":30,"column":31}},"10":{"start":{"line":31,"column":8},"end":{"line":31,"column":36}},"11":{"start":{"line":40,"column":8},"end":{"line":40,"column":30}},"12":{"start":{"line":41,"column":22},"end":{"line":41,"column":52}},"13":{"start":{"line":42,"column":8},"end":{"line":42,"column":39}},"14":{"start":{"line":52,"column":8},"end":{"line":60,"column":9}},"15":{"start":{"line":53,"column":12},"end":{"line":59,"column":13}},"16":{"start":{"line":54,"column":16},"end":{"line":58,"column":17}},"17":{"start":{"line":55,"column":20},"end":{"line":55,"column":39}},"18":{"start":{"line":56,"column":20},"end":{"line":56,"column":56}},"19":{"start":{"line":57,"column":20},"end":{"line":57,"column":51}},"20":{"start":{"line":69,"column":8},"end":{"line":69,"column":32}},"21":{"start":{"line":70,"column":8},"end":{"line":70,"column":37}},"22":{"start":{"line":71,"column":8},"end":{"line":71,"column":36}},"23":{"start":{"line":72,"column":8},"end":{"line":72,"column":41}},"24":{"start":{"line":73,"column":8},"end":{"line":73,"column":25}},"25":{"start":{"line":78,"column":0},"end":{"line":78,"column":25}}},"fnMap":{"0":{"name":"(anonymous_0)","decl":{"start":{"line":16,"column":4},"end":{"line":16,"column":5}},"loc":{"start":{"line":16,"column":36},"end":{"line":22,"column":5}},"line":16},"1":{"name":"(anonymous_1)","decl":{"start":{"line":29,"column":4},"end":{"line":29,"column":5}},"loc":{"start":{"line":29,"column":24},"end":{"line":32,"column":5}},"line":29},"2":{"name":"(anonymous_2)","decl":{"start":{"line":39,"column":4},"end":{"line":39,"column":5}},"loc":{"start":{"line":39,"column":27},"end":{"line":43,"column":5}},"line":39},"3":{"name":"(anonymous_3)","decl":{"start":{"line":50,"column":4},"end":{"line":50,"column":5}},"loc":{"start":{"line":50,"column":23},"end":{"line":61,"column":5}},"line":50},"4":{"name":"(anonymous_4)","decl":{"start":{"line":68,"column":4},"end":{"line":68,"column":5}},"loc":{"start":{"line":68,"column":23},"end":{"line":74,"column":5}},"line":68}},"branchMap":{"0":{"loc":{"start":{"line":17,"column":8},"end":{"line":19,"column":9}},"type":"if","locations":[{"start":{"line":17,"column":8},"end":{"line":19,"column":9}},{"start":{"line":17,"column":8},"end":{"line":19,"column":9}}],"line":17},"1":{"loc":{"start":{"line":53,"column":12},"end":{"line":59,"column":13}},"type":"if","locations":[{"start":{"line":53,"column":12},"end":{"line":59,"column":13}},{"start":{"line":53,"column":12},"end":{"line":59,"column":13}}],"line":53},"2":{"loc":{"start":{"line":53,"column":16},"end":{"line":53,"column":103}},"type":"binary-expr","locations":[{"start":{"line":53,"column":16},"end":{"line":53,"column":63}},{"start":{"line":53,"column":67},"end":{"line":53,"column":103}}],"line":53},"3":{"loc":{"start":{"line":54,"column":16},"end":{"line":58,"column":17}},"type":"if","locations":[{"start":{"line":54,"column":16},"end":{"line":58,"column":17}},{"start":{"line":54,"column":16},"end":{"line":58,"column":17}}],"line":54}},"s":{"0":1,"1":1,"2":8,"3":8,"4":8,"5":8,"6":1,"7":7,"8":7,"9":6,"10":6,"11":1,"12":1,"13":1,"14":4,"15":4,"16":3,"17":2,"18":2,"19":2,"20":1,"21":1,"22":1,"23":1,"24":1,"25":1},"f":{"0":8,"1":6,"2":1,"3":4,"4":1},"b":{"0":[1,7],"1":[3,1],"2":[4,3],"3":[2,1]},"_coverageSchema":"1a1c01bbd47fc00a2c39e90264f33305004495a9","hash":"a320c08f4bac7eba6ba72d97cea4b2ff8431f9da"}
,"C:\\Users\\emper\\OneDrive\\Documents\\GitHub\\Whitehat\\scooterhire\\src\\User.js": {"path":"C:\\Users\\emper\\OneDrive\\Documents\\GitHub\\Whitehat\\scooterhire\\src\\User.js","statementMap":{"0":{"start":{"line":11,"column":8},"end":{"line":13,"column":9}},"1":{"start":{"line":12,"column":12},"end":{"line":12,"column":64}},"2":{"start":{"line":14,"column":8},"end":{"line":14,"column":33}},"3":{"start":{"line":15,"column":8},"end":{"line":15,"column":31}},"4":{"start":{"line":16,"column":8},"end":{"line":16,"column":21}},"5":{"start":{"line":20,"column":0},"end":{"line":20,"column":22}}},"fnMap":{"0":{"name":"(anonymous_0)","decl":{"start":{"line":10,"column":4},"end":{"line":10,"column":5}},"loc":{"start":{"line":10,"column":35},"end":{"line":17,"column":5}},"line":10}},"branchMap":{"0":{"loc":{"start":{"line":11,"column":8},"end":{"line":13,"column":9}},"type":"if","locations":[{"start":{"line":11,"column":8},"end":{"line":13,"column":9}},{"start":{"line":11,"column":8},"end":{"line":13,"column":9}}],"line":11}},"s":{"0":6,"1":1,"2":5,"3":5,"4":5,"5":2},"f":{"0":6},"b":{"0":[1,5]},"_coverageSchema":"1a1c01bbd47fc00a2c39e90264f33305004495a9","hash":"9a4ba3de30ce467596e04ab3b6c64cb7da0d9aaf"}
}
