TN:
SF:src\Scooter.js
FN:10,(anonymous_0)
FN:24,(anonymous_1)
FN:38,(anonymous_2)
FN:39,(anonymous_3)
FNF:4
FNH:4
FNDA:11,(anonymous_0)
FNDA:6,(anonymous_1)
FNDA:2,(anonymous_2)
FNDA:2,(anonymous_3)
DA:11,11
DA:12,1
DA:14,10
DA:15,10
DA:16,10
DA:25,6
DA:26,2
DA:29,4
DA:39,2
DA:40,1
DA:44,2
LF:11
LH:11
BRDA:11,0,0,1
BRDA:11,0,1,10
BRDA:25,1,0,2
BRDA:25,1,1,4
BRF:4
BRH:4
end_of_record
TN:
SF:src\Station.js
FN:16,(anonymous_0)
FN:29,(anonymous_1)
FN:39,(anonymous_2)
FN:50,(anonymous_3)
FN:68,(anonymous_4)
FNF:5
FNH:5
FNDA:8,(anonymous_0)
FNDA:6,(anonymous_1)
FNDA:1,(anonymous_2)
FNDA:4,(anonymous_3)
FNDA:1,(anonymous_4)
DA:1,1
DA:2,1
DA:8,8
DA:9,8
DA:10,8
DA:17,8
DA:18,1
DA:20,7
DA:21,7
DA:30,6
DA:31,6
DA:40,1
DA:41,1
DA:42,1
DA:52,4
DA:53,4
DA:54,3
DA:55,2
DA:56,2
DA:57,2
DA:69,1
DA:70,1
DA:71,1
DA:72,1
DA:73,1
DA:78,1
LF:26
LH:26
BRDA:17,0,0,1
BRDA:17,0,1,7
BRDA:53,1,0,3
BRDA:53,1,1,1
BRDA:53,2,0,4
BRDA:53,2,1,3
BRDA:54,3,0,2
BRDA:54,3,1,1
BRF:8
BRH:8
end_of_record
TN:
SF:src\User.js
FN:10,(anonymous_0)
FNF:1
FNH:1
FNDA:6,(anonymous_0)
DA:11,6
DA:12,1
DA:14,5
DA:15,5
DA:16,5
DA:20,2
LF:6
LH:6
BRDA:11,0,0,1
BRDA:11,0,1,5
BRF:2
BRH:2
end_of_record
