{"C:\\Users\\emper\\OneDrive\\Documents\\GitHub\\Whitehat\\Airport.js": {"path":"C:\\Users\\emper\\OneDrive\\Documents\\GitHub\\Whitehat\\Airport.js","statementMap":{"0":{"start":{"line":1,"column":12},"end":{"line":1,"column":34}},"1":{"start":{"line":2,"column":11},"end":{"line":2,"column":24}},"2":{"start":{"line":3,"column":13},"end":{"line":3,"column":28}},"3":{"start":{"line":4,"column":18},"end":{"line":4,"column":40}},"4":{"start":{"line":10,"column":22},"end":{"line":10,"column":24}},"5":{"start":{"line":12,"column":11},"end":{"line":12,"column":13}},"6":{"start":{"line":13,"column":16},"end":{"line":13,"column":17}},"7":{"start":{"line":14,"column":12},"end":{"line":14,"column":13}},"8":{"start":{"line":15,"column":21},"end":{"line":15,"column":23}},"9":{"start":{"line":16,"column":13},"end":{"line":16,"column":15}},"10":{"start":{"line":26,"column":8},"end":{"line":26,"column":25}},"11":{"start":{"line":28,"column":8},"end":{"line":30,"column":9}},"12":{"start":{"line":29,"column":12},"end":{"line":29,"column":39}},"13":{"start":{"line":31,"column":8},"end":{"line":33,"column":9}},"14":{"start":{"line":32,"column":12},"end":{"line":32,"column":31}},"15":{"start":{"line":34,"column":8},"end":{"line":34,"column":46}},"16":{"start":{"line":35,"column":8},"end":{"line":35,"column":45}},"17":{"start":{"line":44,"column":8},"end":{"line":44,"column":35}},"18":{"start":{"line":45,"column":8},"end":{"line":45,"column":32}},"19":{"start":{"line":54,"column":22},"end":{"line":54,"column":48}},"20":{"start":{"line":55,"column":8},"end":{"line":55,"column":37}},"21":{"start":{"line":64,"column":22},"end":{"line":64,"column":48}},"22":{"start":{"line":65,"column":8},"end":{"line":65,"column":37}},"23":{"start":{"line":66,"column":35},"end":{"line":69,"column":14}},"24":{"start":{"line":68,"column":16},"end":{"line":68,"column":58}},"25":{"start":{"line":71,"column":8},"end":{"line":71,"column":42}},"26":{"start":{"line":80,"column":8},"end":{"line":80,"column":32}},"27":{"start":{"line":85,"column":0},"end":{"line":85,"column":24}}},"fnMap":{"0":{"name":"(anonymous_0)","decl":{"start":{"line":25,"column":4},"end":{"line":25,"column":5}},"loc":{"start":{"line":25,"column":40},"end":{"line":36,"column":5}},"line":25},"1":{"name":"(anonymous_1)","decl":{"start":{"line":43,"column":4},"end":{"line":43,"column":5}},"loc":{"start":{"line":43,"column":20},"end":{"line":46,"column":5}},"line":43},"2":{"name":"(anonymous_2)","decl":{"start":{"line":53,"column":4},"end":{"line":53,"column":5}},"loc":{"start":{"line":53,"column":23},"end":{"line":56,"column":5}},"line":53},"3":{"name":"(anonymous_3)","decl":{"start":{"line":63,"column":4},"end":{"line":63,"column":5}},"loc":{"start":{"line":63,"column":19},"end":{"line":72,"column":5}},"line":63},"4":{"name":"(anonymous_4)","decl":{"start":{"line":67,"column":12},"end":{"line":67,"column":13}},"loc":{"start":{"line":67,"column":23},"end":{"line":69,"column":13}},"line":67},"5":{"name":"(anonymous_5)","decl":{"start":{"line":79,"column":4},"end":{"line":79,"column":5}},"loc":{"start":{"line":79,"column":16},"end":{"line":81,"column":5}},"line":79}},"branchMap":{"0":{"loc":{"start":{"line":28,"column":8},"end":{"line":30,"column":9}},"type":"if","locations":[{"start":{"line":28,"column":8},"end":{"line":30,"column":9}},{"start":{"line":28,"column":8},"end":{"line":30,"column":9}}],"line":28},"1":{"loc":{"start":{"line":31,"column":8},"end":{"line":33,"column":9}},"type":"if","locations":[{"start":{"line":31,"column":8},"end":{"line":33,"column":9}},{"start":{"line":31,"column":8},"end":{"line":33,"column":9}}],"line":31}},"s":{"0":2,"1":2,"2":2,"3":2,"4":2,"5":10,"6":10,"7":10,"8":10,"9":10,"10":10,"11":10,"12":1,"13":10,"14":1,"15":10,"16":10,"17":5,"18":5,"19":1,"20":1,"21":2,"22":2,"23":2,"24":4,"25":2,"26":1,"27":2},"f":{"0":10,"1":5,"2":1,"3":2,"4":4,"5":1},"b":{"0":[1,9],"1":[1,9]},"_coverageSchema":"1a1c01bbd47fc00a2c39e90264f33305004495a9","hash":"7bec988e1278d6879dca92948a110eb786fc2643"}
,"C:\\Users\\emper\\OneDrive\\Documents\\GitHub\\Whitehat\\Bag.js": {"path":"C:\\Users\\emper\\OneDrive\\Documents\\GitHub\\Whitehat\\Bag.js","statementMap":{"0":{"start":{"line":11,"column":8},"end":{"line":13,"column":9}},"1":{"start":{"line":12,"column":12},"end":{"line":12,"column":54}},"2":{"start":{"line":14,"column":8},"end":{"line":14,"column":29}},"3":{"start":{"line":18,"column":0},"end":{"line":18,"column":21}}},"fnMap":{"0":{"name":"(anonymous_0)","decl":{"start":{"line":10,"column":4},"end":{"line":10,"column":5}},"loc":{"start":{"line":10,"column":24},"end":{"line":15,"column":5}},"line":10}},"branchMap":{"0":{"loc":{"start":{"line":11,"column":8},"end":{"line":13,"column":9}},"type":"if","locations":[{"start":{"line":11,"column":8},"end":{"line":13,"column":9}},{"start":{"line":11,"column":8},"end":{"line":13,"column":9}}],"line":11}},"s":{"0":7,"1":1,"2":6,"3":3},"f":{"0":7},"b":{"0":[1,6]},"_coverageSchema":"1a1c01bbd47fc00a2c39e90264f33305004495a9","hash":"db963b347f3c1fb0b56e10dedbb7ab215b2278dd"}
,"C:\\Users\\emper\\OneDrive\\Documents\\GitHub\\Whitehat\\CrewMember.js": {"path":"C:\\Users\\emper\\OneDrive\\Documents\\GitHub\\Whitehat\\CrewMember.js","statementMap":{"0":{"start":{"line":1,"column":15},"end":{"line":1,"column":34}},"1":{"start":{"line":10,"column":0},"end":{"line":10,"column":28}}},"fnMap":{},"branchMap":{},"s":{"0":2,"1":2},"f":{},"b":{},"_coverageSchema":"1a1c01bbd47fc00a2c39e90264f33305004495a9","hash":"ee8ba5e626c97602d384854d25c6e63498df58b0"}
,"C:\\Users\\emper\\OneDrive\\Documents\\GitHub\\Whitehat\\Passenger.js": {"path":"C:\\Users\\emper\\OneDrive\\Documents\\GitHub\\Whitehat\\Passenger.js","statementMap":{"0":{"start":{"line":1,"column":15},"end":{"line":1,"column":34}},"1":{"start":{"line":8,"column":8},"end":{"line":8,"column":20}},"2":{"start":{"line":12,"column":8},"end":{"line":12,"column":44}},"3":{"start":{"line":16,"column":0},"end":{"line":16,"column":27}}},"fnMap":{"0":{"name":"(anonymous_0)","decl":{"start":{"line":7,"column":4},"end":{"line":7,"column":5}},"loc":{"start":{"line":7,"column":22},"end":{"line":9,"column":5}},"line":7},"1":{"name":"(anonymous_1)","decl":{"start":{"line":11,"column":4},"end":{"line":11,"column":5}},"loc":{"start":{"line":11,"column":20},"end":{"line":13,"column":5}},"line":11}},"branchMap":{},"s":{"0":3,"1":7,"2":1,"3":3},"f":{"0":7,"1":1},"b":{},"_coverageSchema":"1a1c01bbd47fc00a2c39e90264f33305004495a9","hash":"9f28e638a1c38b04825cc6772b96a0b2bd5deea4"}
,"C:\\Users\\emper\\OneDrive\\Documents\\GitHub\\Whitehat\\Person.js": {"path":"C:\\Users\\emper\\OneDrive\\Documents\\GitHub\\Whitehat\\Person.js","statementMap":{"0":{"start":{"line":14,"column":8},"end":{"line":14,"column":25}},"1":{"start":{"line":15,"column":8},"end":{"line":15,"column":23}},"2":{"start":{"line":23,"column":8},"end":{"line":23,"column":28}},"3":{"start":{"line":27,"column":0},"end":{"line":27,"column":24}}},"fnMap":{"0":{"name":"(anonymous_0)","decl":{"start":{"line":13,"column":4},"end":{"line":13,"column":5}},"loc":{"start":{"line":13,"column":22},"end":{"line":16,"column":5}},"line":13},"1":{"name":"(anonymous_1)","decl":{"start":{"line":22,"column":4},"end":{"line":22,"column":5}},"loc":{"start":{"line":22,"column":16},"end":{"line":24,"column":5}},"line":22}},"branchMap":{},"s":{"0":8,"1":8,"2":5,"3":3},"f":{"0":8,"1":5},"b":{},"_coverageSchema":"1a1c01bbd47fc00a2c39e90264f33305004495a9","hash":"a741099183ea7bab0733ae1a8d512a170c4e1652"}
,"C:\\Users\\emper\\OneDrive\\Documents\\GitHub\\Whitehat\\Plane.js": {"path":"C:\\Users\\emper\\OneDrive\\Documents\\GitHub\\Whitehat\\Plane.js","statementMap":{"0":{"start":{"line":1,"column":18},"end":{"line":1,"column":40}},"1":{"start":{"line":2,"column":19},"end":{"line":2,"column":42}},"2":{"start":{"line":20,"column":8},"end":{"line":20,"column":41}},"3":{"start":{"line":21,"column":8},"end":{"line":21,"column":29}},"4":{"start":{"line":22,"column":8},"end":{"line":22,"column":30}},"5":{"start":{"line":31,"column":8},"end":{"line":35,"column":9}},"6":{"start":{"line":32,"column":12},"end":{"line":32,"column":41}},"7":{"start":{"line":34,"column":12},"end":{"line":34,"column":42}},"8":{"start":{"line":44,"column":8},"end":{"line":44,"column":39}},"9":{"start":{"line":53,"column":8},"end":{"line":53,"column":29}},"10":{"start":{"line":57,"column":0},"end":{"line":57,"column":23}}},"fnMap":{"0":{"name":"(anonymous_0)","decl":{"start":{"line":19,"column":4},"end":{"line":19,"column":5}},"loc":{"start":{"line":19,"column":30},"end":{"line":23,"column":5}},"line":19},"1":{"name":"(anonymous_1)","decl":{"start":{"line":30,"column":4},"end":{"line":30,"column":5}},"loc":{"start":{"line":30,"column":27},"end":{"line":36,"column":5}},"line":30},"2":{"name":"(anonymous_2)","decl":{"start":{"line":43,"column":4},"end":{"line":43,"column":5}},"loc":{"start":{"line":43,"column":32},"end":{"line":45,"column":5}},"line":43},"3":{"name":"(anonymous_3)","decl":{"start":{"line":52,"column":4},"end":{"line":52,"column":5}},"loc":{"start":{"line":52,"column":22},"end":{"line":54,"column":5}},"line":52}},"branchMap":{"0":{"loc":{"start":{"line":31,"column":8},"end":{"line":35,"column":9}},"type":"if","locations":[{"start":{"line":31,"column":8},"end":{"line":35,"column":9}},{"start":{"line":31,"column":8},"end":{"line":35,"column":9}}],"line":31}},"s":{"0":2,"1":2,"2":8,"3":8,"4":8,"5":3,"6":2,"7":1,"8":4,"9":9,"10":2},"f":{"0":8,"1":3,"2":4,"3":9},"b":{"0":[2,1]},"_coverageSchema":"1a1c01bbd47fc00a2c39e90264f33305004495a9","hash":"dd401d6989181ddd48777be4fc84d04b80dd7e90"}
}
