TN:
SF:Airport.js
FN:25,(anonymous_0)
FN:43,(anonymous_1)
FN:53,(anonymous_2)
FN:63,(anonymous_3)
FN:67,(anonymous_4)
FN:79,(anonymous_5)
FNF:6
FNH:6
FNDA:10,(anonymous_0)
FNDA:5,(anonymous_1)
FNDA:1,(anonymous_2)
FNDA:2,(anonymous_3)
FNDA:4,(anonymous_4)
FNDA:1,(anonymous_5)
DA:1,2
DA:2,2
DA:3,2
DA:4,2
DA:10,2
DA:12,10
DA:13,10
DA:14,10
DA:15,10
DA:16,10
DA:26,10
DA:28,10
DA:29,1
DA:31,10
DA:32,1
DA:34,10
DA:35,10
DA:44,5
DA:45,5
DA:54,1
DA:55,1
DA:64,2
DA:65,2
DA:66,2
DA:68,4
DA:71,2
DA:80,1
DA:85,2
LF:28
LH:28
BRDA:28,0,0,1
BRDA:28,0,1,9
BRDA:31,1,0,1
BRDA:31,1,1,9
BRF:4
BRH:4
end_of_record
TN:
SF:Bag.js
FN:10,(anonymous_0)
FNF:1
FNH:1
FNDA:7,(anonymous_0)
DA:11,7
DA:12,1
DA:14,6
DA:18,3
LF:4
LH:4
BRDA:11,0,0,1
BRDA:11,0,1,6
BRF:2
BRH:2
end_of_record
TN:
SF:CrewMember.js
FNF:0
FNH:0
DA:1,2
DA:10,2
LF:2
LH:2
BRF:0
BRH:0
end_of_record
TN:
SF:Passenger.js
FN:7,(anonymous_0)
FN:11,(anonymous_1)
FNF:2
FNH:2
FNDA:7,(anonymous_0)
FNDA:1,(anonymous_1)
DA:1,3
DA:8,7
DA:12,1
DA:16,3
LF:4
LH:4
BRF:0
BRH:0
end_of_record
TN:
SF:Person.js
FN:13,(anonymous_0)
FN:22,(anonymous_1)
FNF:2
FNH:2
FNDA:8,(anonymous_0)
FNDA:5,(anonymous_1)
DA:14,8
DA:15,8
DA:23,5
DA:27,3
LF:4
LH:4
BRF:0
BRH:0
end_of_record
TN:
SF:Plane.js
FN:19,(anonymous_0)
FN:30,(anonymous_1)
FN:43,(anonymous_2)
FN:52,(anonymous_3)
FNF:4
FNH:4
FNDA:8,(anonymous_0)
FNDA:3,(anonymous_1)
FNDA:4,(anonymous_2)
FNDA:9,(anonymous_3)
DA:1,2
DA:2,2
DA:20,8
DA:21,8
DA:22,8
DA:31,3
DA:32,2
DA:34,1
DA:44,4
DA:53,9
DA:57,2
LF:11
LH:11
BRDA:31,0,0,2
BRDA:31,0,1,1
BRF:2
BRH:2
end_of_record
