TN:
SF:Airport.js
FN:26,(anonymous_0)
FN:44,(anonymous_1)
FN:54,(anonymous_2)
FN:64,(anonymous_3)
FN:68,(anonymous_4)
FN:80,(anonymous_5)
FNF:6
FNH:6
FNDA:10,(anonymous_0)
FNDA:5,(anonymous_1)
FNDA:1,(anonymous_2)
FNDA:2,(anonymous_3)
FNDA:4,(anonymous_4)
FNDA:1,(anonymous_5)
DA:1,2
DA:2,2
DA:3,2
DA:4,2
DA:5,2
DA:11,2
DA:13,10
DA:14,10
DA:15,10
DA:16,10
DA:17,10
DA:27,10
DA:29,10
DA:30,1
DA:32,10
DA:33,1
DA:35,10
DA:36,10
DA:45,5
DA:46,5
DA:55,1
DA:56,1
DA:65,2
DA:66,2
DA:67,2
DA:69,4
DA:72,2
DA:81,1
DA:82,1
DA:87,2
LF:30
LH:30
BRDA:29,0,0,1
BRDA:29,0,1,9
BRDA:32,1,0,1
BRDA:32,1,1,9
BRF:4
BRH:4
end_of_record
TN:
SF:Bag.js
FN:10,(anonymous_0)
FNF:1
FNH:1
FNDA:10,(anonymous_0)
DA:11,10
DA:12,1
DA:14,9
DA:18,4
LF:4
LH:4
BRDA:11,0,0,1
BRDA:11,0,1,9
BRF:2
BRH:2
end_of_record
TN:
SF:CrewMember.js
FN:8,(anonymous_0)
FNF:1
FNH:1
FNDA:5,(anonymous_0)
DA:1,3
DA:9,5
DA:10,5
DA:14,3
LF:4
LH:4
BRF:0
BRH:0
end_of_record
TN:
SF:Passenger.js
FN:7,(anonymous_0)
FNF:1
FNH:1
FNDA:7,(anonymous_0)
DA:1,3
DA:8,7
DA:9,7
DA:13,3
LF:4
LH:4
BRF:0
BRH:0
end_of_record
TN:
SF:Person.js
FN:13,(anonymous_0)
FN:22,(anonymous_1)
FNF:2
FNH:2
FNDA:12,(anonymous_0)
FNDA:8,(anonymous_1)
DA:14,12
DA:15,12
DA:23,8
DA:27,4
LF:4
LH:4
BRF:0
BRH:0
end_of_record
TN:
SF:Plane.js
FN:19,(anonymous_0)
FN:30,(anonymous_1)
FN:43,(anonymous_2)
FN:52,(anonymous_3)
FNF:4
FNH:4
FNDA:8,(anonymous_0)
FNDA:3,(anonymous_1)
FNDA:4,(anonymous_2)
FNDA:9,(anonymous_3)
DA:1,2
DA:2,2
DA:20,8
DA:21,8
DA:22,8
DA:31,3
DA:32,2
DA:34,1
DA:44,4
DA:53,9
DA:57,2
LF:11
LH:11
BRDA:31,0,0,2
BRDA:31,0,1,1
BRF:2
BRH:2
end_of_record
